<?xml version="1.0" encoding="UTF-8"?>
<testsuite xmlns:xsi="http://www.w3.org/2001/XMLSchema-instance" xsi:noNamespaceSchemaLocation="https://maven.apache.org/surefire/maven-surefire-plugin/xsd/surefire-test-report.xsd" name="com.logicalenigma.aws.AppTest" time="0.033" tests="1" errors="0" skipped="0" failures="0">
  <properties>
    <property name="gopherProxySet" value="false"/>
    <property name="awt.toolkit" value="sun.lwawt.macosx.LWCToolkit"/>
    <property name="java.specification.version" value="11"/>
    <property name="sun.cpu.isalist" value=""/>
    <property name="sun.jnu.encoding" value="UTF-8"/>
    <property name="java.class.path" value="/Users/dnachman/work/AWSPlayground/enterpriseintegration/target/test-classes:/Users/dnachman/work/AWSPlayground/enterpriseintegration/target/classes:/Users/dnachman/.m2/repository/software/amazon/awssdk/sqs/2.17.121/sqs-2.17.121.jar:/Users/dnachman/.m2/repository/software/amazon/awssdk/aws-query-protocol/2.17.121/aws-query-protocol-2.17.121.jar:/Users/dnachman/.m2/repository/software/amazon/awssdk/protocol-core/2.17.121/protocol-core-2.17.121.jar:/Users/dnachman/.m2/repository/software/amazon/awssdk/sdk-core/2.17.121/sdk-core-2.17.121.jar:/Users/dnachman/.m2/repository/software/amazon/awssdk/profiles/2.17.121/profiles-2.17.121.jar:/Users/dnachman/.m2/repository/org/slf4j/slf4j-api/1.7.30/slf4j-api-1.7.30.jar:/Users/dnachman/.m2/repository/org/reactivestreams/reactive-streams/1.0.3/reactive-streams-1.0.3.jar:/Users/dnachman/.m2/repository/software/amazon/awssdk/auth/2.17.121/auth-2.17.121.jar:/Users/dnachman/.m2/repository/software/amazon/awssdk/json-utils/2.17.121/json-utils-2.17.121.jar:/Users/dnachman/.m2/repository/software/amazon/awssdk/third-party-jackson-core/2.17.121/third-party-jackson-core-2.17.121.jar:/Users/dnachman/.m2/repository/software/amazon/eventstream/eventstream/1.0.1/eventstream-1.0.1.jar:/Users/dnachman/.m2/repository/software/amazon/awssdk/http-client-spi/2.17.121/http-client-spi-2.17.121.jar:/Users/dnachman/.m2/repository/software/amazon/awssdk/regions/2.17.121/regions-2.17.121.jar:/Users/dnachman/.m2/repository/software/amazon/awssdk/annotations/2.17.121/annotations-2.17.121.jar:/Users/dnachman/.m2/repository/software/amazon/awssdk/utils/2.17.121/utils-2.17.121.jar:/Users/dnachman/.m2/repository/software/amazon/awssdk/aws-core/2.17.121/aws-core-2.17.121.jar:/Users/dnachman/.m2/repository/software/amazon/awssdk/metrics-spi/2.17.121/metrics-spi-2.17.121.jar:/Users/dnachman/.m2/repository/software/amazon/awssdk/apache-client/2.17.121/apache-client-2.17.121.jar:/Users/dnachman/.m2/repository/org/apache/httpcomponents/httpclient/4.5.13/httpclient-4.5.13.jar:/Users/dnachman/.m2/repository/commons-logging/commons-logging/1.2/commons-logging-1.2.jar:/Users/dnachman/.m2/repository/commons-codec/commons-codec/1.11/commons-codec-1.11.jar:/Users/dnachman/.m2/repository/org/apache/httpcomponents/httpcore/4.4.13/httpcore-4.4.13.jar:/Users/dnachman/.m2/repository/software/amazon/awssdk/netty-nio-client/2.17.121/netty-nio-client-2.17.121.jar:/Users/dnachman/.m2/repository/io/netty/netty-codec-http/4.1.72.Final/netty-codec-http-4.1.72.Final.jar:/Users/dnachman/.m2/repository/io/netty/netty-codec-http2/4.1.72.Final/netty-codec-http2-4.1.72.Final.jar:/Users/dnachman/.m2/repository/io/netty/netty-codec/4.1.72.Final/netty-codec-4.1.72.Final.jar:/Users/dnachman/.m2/repository/io/netty/netty-transport/4.1.72.Final/netty-transport-4.1.72.Final.jar:/Users/dnachman/.m2/repository/io/netty/netty-resolver/4.1.72.Final/netty-resolver-4.1.72.Final.jar:/Users/dnachman/.m2/repository/io/netty/netty-common/4.1.72.Final/netty-common-4.1.72.Final.jar:/Users/dnachman/.m2/repository/io/netty/netty-buffer/4.1.72.Final/netty-buffer-4.1.72.Final.jar:/Users/dnachman/.m2/repository/io/netty/netty-handler/4.1.72.Final/netty-handler-4.1.72.Final.jar:/Users/dnachman/.m2/repository/io/netty/netty-tcnative-classes/2.0.46.Final/netty-tcnative-classes-2.0.46.Final.jar:/Users/dnachman/.m2/repository/io/netty/netty-transport-classes-epoll/4.1.72.Final/netty-transport-classes-epoll-4.1.72.Final.jar:/Users/dnachman/.m2/repository/io/netty/netty-transport-native-unix-common/4.1.72.Final/netty-transport-native-unix-common-4.1.72.Final.jar:/Users/dnachman/.m2/repository/com/typesafe/netty/netty-reactive-streams-http/2.0.5/netty-reactive-streams-http-2.0.5.jar:/Users/dnachman/.m2/repository/com/typesafe/netty/netty-reactive-streams/2.0.5/netty-reactive-streams-2.0.5.jar:/Users/dnachman/.m2/repository/junit/junit/4.11/junit-4.11.jar:/Users/dnachman/.m2/repository/org/hamcrest/hamcrest-core/1.3/hamcrest-core-1.3.jar:"/>
    <property name="java.vm.vendor" value="AdoptOpenJDK"/>
    <property name="sun.arch.data.model" value="64"/>
    <property name="java.vendor.url" value="https://adoptopenjdk.net/"/>
    <property name="user.timezone" value=""/>
    <property name="java.vm.specification.version" value="11"/>
    <property name="os.name" value="Mac OS X"/>
    <property name="sun.java.launcher" value="SUN_STANDARD"/>
    <property name="user.country" value="US"/>
    <property name="sun.boot.library.path" value="/Users/dnachman/.sdkman/candidates/java/11.0.9.hs-adpt/lib"/>
    <property name="sun.java.command" value="/Users/dnachman/work/AWSPlayground/enterpriseintegration/target/surefire/surefirebooter17983143011198271642.jar /Users/dnachman/work/AWSPlayground/enterpriseintegration/target/surefire 2022-01-29T19-01-34_458-jvmRun1 surefire11919966285845367559tmp surefire_014397253479698960344tmp"/>
    <property name="http.nonProxyHosts" value="local|*.local|169.254/16|*.169.254/16"/>
    <property name="jdk.debug" value="release"/>
    <property name="surefire.test.class.path" value="/Users/dnachman/work/AWSPlayground/enterpriseintegration/target/test-classes:/Users/dnachman/work/AWSPlayground/enterpriseintegration/target/classes:/Users/dnachman/.m2/repository/software/amazon/awssdk/sqs/2.17.121/sqs-2.17.121.jar:/Users/dnachman/.m2/repository/software/amazon/awssdk/aws-query-protocol/2.17.121/aws-query-protocol-2.17.121.jar:/Users/dnachman/.m2/repository/software/amazon/awssdk/protocol-core/2.17.121/protocol-core-2.17.121.jar:/Users/dnachman/.m2/repository/software/amazon/awssdk/sdk-core/2.17.121/sdk-core-2.17.121.jar:/Users/dnachman/.m2/repository/software/amazon/awssdk/profiles/2.17.121/profiles-2.17.121.jar:/Users/dnachman/.m2/repository/org/slf4j/slf4j-api/1.7.30/slf4j-api-1.7.30.jar:/Users/dnachman/.m2/repository/org/reactivestreams/reactive-streams/1.0.3/reactive-streams-1.0.3.jar:/Users/dnachman/.m2/repository/software/amazon/awssdk/auth/2.17.121/auth-2.17.121.jar:/Users/dnachman/.m2/repository/software/amazon/awssdk/json-utils/2.17.121/json-utils-2.17.121.jar:/Users/dnachman/.m2/repository/software/amazon/awssdk/third-party-jackson-core/2.17.121/third-party-jackson-core-2.17.121.jar:/Users/dnachman/.m2/repository/software/amazon/eventstream/eventstream/1.0.1/eventstream-1.0.1.jar:/Users/dnachman/.m2/repository/software/amazon/awssdk/http-client-spi/2.17.121/http-client-spi-2.17.121.jar:/Users/dnachman/.m2/repository/software/amazon/awssdk/regions/2.17.121/regions-2.17.121.jar:/Users/dnachman/.m2/repository/software/amazon/awssdk/annotations/2.17.121/annotations-2.17.121.jar:/Users/dnachman/.m2/repository/software/amazon/awssdk/utils/2.17.121/utils-2.17.121.jar:/Users/dnachman/.m2/repository/software/amazon/awssdk/aws-core/2.17.121/aws-core-2.17.121.jar:/Users/dnachman/.m2/repository/software/amazon/awssdk/metrics-spi/2.17.121/metrics-spi-2.17.121.jar:/Users/dnachman/.m2/repository/software/amazon/awssdk/apache-client/2.17.121/apache-client-2.17.121.jar:/Users/dnachman/.m2/repository/org/apache/httpcomponents/httpclient/4.5.13/httpclient-4.5.13.jar:/Users/dnachman/.m2/repository/commons-logging/commons-logging/1.2/commons-logging-1.2.jar:/Users/dnachman/.m2/repository/commons-codec/commons-codec/1.11/commons-codec-1.11.jar:/Users/dnachman/.m2/repository/org/apache/httpcomponents/httpcore/4.4.13/httpcore-4.4.13.jar:/Users/dnachman/.m2/repository/software/amazon/awssdk/netty-nio-client/2.17.121/netty-nio-client-2.17.121.jar:/Users/dnachman/.m2/repository/io/netty/netty-codec-http/4.1.72.Final/netty-codec-http-4.1.72.Final.jar:/Users/dnachman/.m2/repository/io/netty/netty-codec-http2/4.1.72.Final/netty-codec-http2-4.1.72.Final.jar:/Users/dnachman/.m2/repository/io/netty/netty-codec/4.1.72.Final/netty-codec-4.1.72.Final.jar:/Users/dnachman/.m2/repository/io/netty/netty-transport/4.1.72.Final/netty-transport-4.1.72.Final.jar:/Users/dnachman/.m2/repository/io/netty/netty-resolver/4.1.72.Final/netty-resolver-4.1.72.Final.jar:/Users/dnachman/.m2/repository/io/netty/netty-common/4.1.72.Final/netty-common-4.1.72.Final.jar:/Users/dnachman/.m2/repository/io/netty/netty-buffer/4.1.72.Final/netty-buffer-4.1.72.Final.jar:/Users/dnachman/.m2/repository/io/netty/netty-handler/4.1.72.Final/netty-handler-4.1.72.Final.jar:/Users/dnachman/.m2/repository/io/netty/netty-tcnative-classes/2.0.46.Final/netty-tcnative-classes-2.0.46.Final.jar:/Users/dnachman/.m2/repository/io/netty/netty-transport-classes-epoll/4.1.72.Final/netty-transport-classes-epoll-4.1.72.Final.jar:/Users/dnachman/.m2/repository/io/netty/netty-transport-native-unix-common/4.1.72.Final/netty-transport-native-unix-common-4.1.72.Final.jar:/Users/dnachman/.m2/repository/com/typesafe/netty/netty-reactive-streams-http/2.0.5/netty-reactive-streams-http-2.0.5.jar:/Users/dnachman/.m2/repository/com/typesafe/netty/netty-reactive-streams/2.0.5/netty-reactive-streams-2.0.5.jar:/Users/dnachman/.m2/repository/junit/junit/4.11/junit-4.11.jar:/Users/dnachman/.m2/repository/org/hamcrest/hamcrest-core/1.3/hamcrest-core-1.3.jar:"/>
    <property name="sun.cpu.endian" value="little"/>
    <property name="user.home" value="/Users/dnachman"/>
    <property name="user.language" value="en"/>
    <property name="java.specification.vendor" value="Oracle Corporation"/>
    <property name="java.version.date" value="2020-11-04"/>
    <property name="java.home" value="/Users/dnachman/.sdkman/candidates/java/11.0.9.hs-adpt"/>
    <property name="file.separator" value="/"/>
    <property name="basedir" value="/Users/dnachman/work/AWSPlayground/enterpriseintegration"/>
    <property name="java.vm.compressedOopsMode" value="Zero based"/>
    <property name="line.separator" value="&#10;"/>
    <property name="java.specification.name" value="Java Platform API Specification"/>
    <property name="java.vm.specification.vendor" value="Oracle Corporation"/>
    <property name="java.awt.graphicsenv" value="sun.awt.CGraphicsEnvironment"/>
    <property name="surefire.real.class.path" value="/Users/dnachman/work/AWSPlayground/enterpriseintegration/target/surefire/surefirebooter17983143011198271642.jar"/>
    <property name="sun.management.compiler" value="HotSpot 64-Bit Tiered Compilers"/>
    <property name="ftp.nonProxyHosts" value="local|*.local|169.254/16|*.169.254/16"/>
    <property name="java.runtime.version" value="11.0.9.1+1"/>
    <property name="user.name" value="dnachman"/>
    <property name="path.separator" value=":"/>
    <property name="os.version" value="10.16"/>
    <property name="java.runtime.name" value="OpenJDK Runtime Environment"/>
    <property name="file.encoding" value="UTF-8"/>
    <property name="java.vm.name" value="OpenJDK 64-Bit Server VM"/>
    <property name="java.vendor.version" value="AdoptOpenJDK"/>
    <property name="localRepository" value="/Users/dnachman/.m2/repository"/>
    <property name="java.vendor.url.bug" value="https://github.com/AdoptOpenJDK/openjdk-support/issues"/>
    <property name="java.io.tmpdir" value="/var/folders/p_/4k7fqw8d43zgyx1g5s2b4jw40000gn/T/"/>
    <property name="java.version" value="11.0.9.1"/>
    <property name="user.dir" value="/Users/dnachman/work/AWSPlayground/enterpriseintegration"/>
    <property name="os.arch" value="x86_64"/>
    <property name="java.vm.specification.name" value="Java Virtual Machine Specification"/>
    <property name="java.awt.printerjob" value="sun.lwawt.macosx.CPrinterJob"/>
    <property name="sun.os.patch.level" value="unknown"/>
    <property name="java.library.path" value="/Users/dnachman/Library/Java/Extensions:/Library/Java/Extensions:/Network/Library/Java/Extensions:/System/Library/Java/Extensions:/usr/lib/java:."/>
    <property name="java.vm.info" value="mixed mode"/>
    <property name="java.vendor" value="AdoptOpenJDK"/>
    <property name="java.vm.version" value="11.0.9.1+1"/>
    <property name="sun.io.unicode.encoding" value="UnicodeBig"/>
    <property name="java.class.version" value="55.0"/>
    <property name="socksNonProxyHosts" value="local|*.local|169.254/16|*.169.254/16"/>
  </properties>
  <testcase name="shouldAnswerWithTrue" classname="com.logicalenigma.aws.AppTest" time="0.002"/>
</testsuite>